********************************************************************************
DUPLICATOR-LITE PACKAGE-LOG: January 18, 2018 11:19 am
NOTICE: Do NOT post to public sites or forums 
********************************************************************************
VERSION:	1.2.32
WORDPRESS:	4.9.2
PHP INFO:	7.0.15 | SAPI: apache2handler
SERVER:		Apache/2.2.31 (Unix) mod_wsgi/3.5 Python/2.7.13 PHP/7.0.15 mod_ssl/2.2.31 OpenSSL/1.0.2j DAV/2 mod_fastcgi/2.4.6 mod_perl/2.0.9 Perl/v5.24.0 
PHP TIME LIMIT: (0) no time limit imposed 
PHP MAX MEMORY: 2048M (128M default) 
MEMORY STACK: 14MB 

********************************************************************************
DATABASE:
********************************************************************************
BUILD MODE:   PHP(query limit - 100)
MYSQLTIMEOUT: 5000
MYSQLDUMP:    Not Supported 
TABLES: total:13 | filtered:0 | create:13 
FILTERED: [] 
SQL CREATED: 20180118_foryoufromus_66793098bf8d5a7f5967180118111943_database.sql 
SQL FILE SIZE: 81.18KB (83125) 
SQL FILE TIME: 2018-01-18 11:19:47 
SQL RUNTIME: 0.07 sec. 

******************************************************************************** 
ARCHIVE (ZIP): 
******************************************************************************** 
ARCHIVE DIR:  /Applications/MAMP/htdocs/safetyculture 
ARCHIVE FILE: 20180118_foryoufromus_66793098bf8d5a7f5967180118111943_archive.zip 
FILTERS: *OFF* 
DIRS:
	not set 
FILES:
	not set 
EXTS:  not set 
---------------------------------------- 
COMPRESSING 
SIZE:	29.08MB 
STATS:	Dirs 162 | Files 1,588 
SQL ADDED: 20180118_foryoufromus_66793098bf8d5a7f5967180118111943_database.sql 
ZipArchive Object
(
    [status] => 0
    [statusSys] => 0
    [numFiles] => 1750
    [filename] => /Applications/MAMP/htdocs/safetyculture/wp-snapshots/tmp/20180118_foryoufromus_66793098bf8d5a7f5967180118111943_archive.zip
    [comment] => 
)
 
COMPRESSION RESULT: '1' 
COMPRESSED SIZE: 10.31MB 
ARCHIVE RUNTIME: 6.42 sec. 
MEMORY STACK: 14MB 

******************************************************************************** 
MAKE INSTALLER: 
******************************************************************************** 
Build Start 
Build Finished 
Preping for use 
PACK SIZE:  
Template parsed with new data 
Complete [/Applications/MAMP/htdocs/safetyculture/wp-snapshots/tmp/20180118_foryoufromus_66793098bf8d5a7f5967180118111943_installer.php] 
Added to archive 

******************************************************************************** 
INTEGRITY CHECKS: 
******************************************************************************** 
SQL File: 81.18KB 
Installer File: 444.01KB 
Archive File: 10.31MB  

********************************************************************************
RECORD ID:[1]
TOTAL PROCESS RUNTIME: 6.95 sec.
PEAK PHP MEMORY USED: 18MB
DONE PROCESSING => 20180118_foryoufromus January 18, 2018 11:19 am
 
